<testsuites id="" name="" tests="1" failures="0" skipped="0" errors="0" time="49.252340000000004">
<testsuite name="Tests\navigator.favorites.spec.ts" timestamp="2026-03-05T07:54:37.809Z" hostname="Google Chrome" tests="1" failures="0" skipped="0" time="48.028" errors="0">
<testcase name="Navigator Favorites Tests › User can search with random jurisdiction and service selection" classname="Tests\navigator.favorites.spec.ts" time="48.028">
<system-out>
<![CDATA[Random jurisdiction selected: Croatia
Selecting jurisdiction: Croatia
Random service selected: Funds
Selecting service: Funds
Service options loaded after jurisdiction filter applied
Selected service: Funds
Search completed successfully with: Croatia - Funds
Favorite button is empty, proceeding to save...
Clicked favorite button
Save Search modal appeared
Entered favorite name: Fav97320478mdwk
Clicked Save button
Success message appeared
Favorite button is now filled (saved state)
Favorite saved successfully: Fav97320478mdwk
Favorite saved with name: Fav97320478mdwk
]]>
</system-out>
</testcase>
</testsuite>
</testsuites>