<testsuites id="" name="" tests="9" failures="5" skipped="0" errors="0" time="73.837487">
<testsuite name="Tests\crypto.contacts.spec.ts" timestamp="2025-11-13T14:43:16.260Z" hostname="chromium" tests="1" failures="0" skipped="0" time="45.629" errors="0">
<testcase name="User can open Contacts tab and verify selected jurisdiction is present" classname="Tests\crypto.contacts.spec.ts" time="45.629">
</testcase>
</testsuite>
<testsuite name="Tests\crypto.definitions.spec.ts" timestamp="2025-11-13T14:43:16.260Z" hostname="chromium" tests="1" failures="1" skipped="0" time="59.999" errors="0">
<testcase name="User can open Definitions tab from Crypto results and see Term header" classname="Tests\crypto.definitions.spec.ts" time="59.999">
<failure message="crypto.definitions.spec.ts:6:5 User can open Definitions tab from Crypto results and see Term header" type="FAILURE">
<![CDATA[  [chromium] › Tests\crypto.definitions.spec.ts:6:5 › User can open Definitions tab from Crypto results and see Term header 

    Test timeout of 60000ms exceeded.

    Error: locator.click: Test timeout of 60000ms exceeded.
    Call log:
      - waiting for locator('span.button-text:has-text("Search")')
      -   locator resolved to <span data-v-48457a39="" class="button-text"> Search </span>
      - attempting click action
      -   waiting for element to be visible, enabled and stable
      -   element is not enabled
      - retrying click action, attempt #1
      -   waiting for element to be visible, enabled and stable
      -   element is not enabled
      - retrying click action, attempt #2
      -   waiting 20ms
      -   waiting for element to be visible, enabled and stable
      -   element is not enabled
      - retrying click action, attempt #3
      -   waiting 100ms
      -   waiting for element to be visible, enabled and stable
      -   element is not enabled
      - retrying click action, attempt #4
      -   waiting 100ms
      -   waiting for element to be visible, enabled and stable
      -   element is not enabled
      - retrying click action, attempt #5
      -   waiting 500ms
      -   waiting for element to be visible, enabled and stable
      -   element is not enabled
      - retrying click action, attempt #6
      -   waiting 500ms
      -   waiting for element to be visible, enabled and stable
      -   element is not enabled
      - retrying click action, attempt #7
      -   waiting 500ms
      -   waiting for element to be visible, enabled and stable
      -   element is not enabled
      - retrying click action, attempt #8
      -   waiting 500ms
      -   waiting for element to be visible, enabled and stable
      -   element is not enabled
      - retrying click action, attempt #9
      -   waiting 500ms
      -   waiting for element to be visible, enabled and stable
      -   element is not enabled
      - retrying click action, attempt #10
      -   waiting 500ms
      -   waiting for element to be visible, enabled and stable
      -   element is not enabled
      - retrying click action, attempt #11
      -   waiting 500ms
      -   waiting for element to be visible, enabled and stable
      -   element is not enabled
      - retrying click action, attempt #12
      -   waiting 500ms
      -   waiting for element to be visible, enabled and stable
      -   element is not enabled
      - retrying click action, attempt #13
      -   waiting 500ms
      -   waiting for element to be visible, enabled and stable
      -   element is not enabled
      - retrying click action, attempt #14
      -   waiting 500ms
      -   waiting for element to be visible, enabled and stable
      -   element is not enabled
      - retrying click action, attempt #15
      -   waiting 500ms
      -   waiting for element to be visible, enabled and stable
      -   element is not enabled
      - retrying click action, attempt #16
      -   waiting 500ms
      -   waiting for element to be visible, enabled and stable
      -   element is not enabled
      - retrying click action, attempt #17
      -   waiting 500ms
      -   waiting for element to be visible, enabled and stable
      -   element is not enabled
      - retrying click action, attempt #18
      -   waiting 500ms
      -   waiting for element to be visible, enabled and stable
      -   element is not enabled
      - retrying click action, attempt #19
      -   waiting 500ms
      -   waiting for element to be visible, enabled and stable
      -   element is not enabled
      - retrying click action, attempt #20
      -   waiting 500ms
      -   waiting for element to be visible, enabled and stable
      -   element is not enabled
      - retrying click action, attempt #21
      -   waiting 500ms
      -   waiting for element to be visible, enabled and stable
      -   element is not enabled
      - retrying click action, attempt #22
      -   waiting 500ms
      -   waiting for element to be visible, enabled and stable
      -   element is not enabled
      - retrying click action, attempt #23
      -   waiting 500ms
      -   waiting for element to be visible, enabled and stable
      -   element is not enabled
      - retrying click action, attempt #24
      -   waiting 500ms
      -   waiting for element to be visible, enabled and stable
      -   element is not enabled
      - retrying click action, attempt #25
      -   waiting 500ms
      -   waiting for element to be visible, enabled and stable
      -   element is not enabled
      - retrying click action, attempt #26
      -   waiting 500ms
      -   waiting for element to be visible, enabled and stable
      -   element is not enabled
      - retrying click action, attempt #27
      -   waiting 500ms
      -   waiting for element to be visible, enabled and stable
      -   element is not enabled
      - retrying click action, attempt #28
      -   waiting 500ms


       at Pages\crypto.results.ts:61

      59 |         await Promise.all([
      60 |             this.page.waitForLoadState('networkidle'),
    > 61 |             searchButton.click(),
         |                          ^
      62 |         ]);
      63 |
      64 |         // Verify results contain the jurisdiction

        at CryptoResults.searchByJurisdiction (C:\Users\evghenia.valicova\git\PPUpgrade\PPUpgradeTests\Pages\crypto.results.ts:61:26)
        at C:\Users\evghenia.valicova\git\PPUpgrade\PPUpgradeTests\Tests\crypto.definitions.spec.ts:18:3

    attachment #1: screenshot (image/png) ──────────────────────────────────────────────────────────
    test-results\Tests-crypto.definitions-User-can-open-Definitions-tab-from-Crypto-results-and-see-Term-header-chromium\test-failed-1.png
    ────────────────────────────────────────────────────────────────────────────────────────────────

    attachment #2: video (video/webm) ──────────────────────────────────────────────────────────────
    test-results\Tests-crypto.definitions-User-can-open-Definitions-tab-from-Crypto-results-and-see-Term-header-chromium\video.webm
    ────────────────────────────────────────────────────────────────────────────────────────────────

    attachment #3: trace (application/zip) ─────────────────────────────────────────────────────────
    test-results\Tests-crypto.definitions-User-can-open-Definitions-tab-from-Crypto-results-and-see-Term-header-chromium\trace.zip
    Usage:

        npx playwright show-trace test-results\Tests-crypto.definitions-User-can-open-Definitions-tab-from-Crypto-results-and-see-Term-header-chromium\trace.zip

    ────────────────────────────────────────────────────────────────────────────────────────────────
]]>
</failure>
<system-out>
<![CDATA[
[[ATTACHMENT|Tests-crypto.definitions-User-can-open-Definitions-tab-from-Crypto-results-and-see-Term-header-chromium\test-failed-1.png]]

[[ATTACHMENT|Tests-crypto.definitions-User-can-open-Definitions-tab-from-Crypto-results-and-see-Term-header-chromium\video.webm]]

[[ATTACHMENT|Tests-crypto.definitions-User-can-open-Definitions-tab-from-Crypto-results-and-see-Term-header-chromium\trace.zip]]
]]>
</system-out>
</testcase>
</testsuite>
<testsuite name="Tests\crypto.results.spec.ts" timestamp="2025-11-13T14:43:16.260Z" hostname="chromium" tests="5" failures="3" skipped="0" time="263.476" errors="0">
<testcase name="Crypto Results Functional Tests › User can see Crypto results filtered by Jurisdiction " classname="Tests\crypto.results.spec.ts" time="49.441">
</testcase>
<testcase name="Crypto Results Functional Tests › Expand All button appears and expands all results on Results and Definitions pages" classname="Tests\crypto.results.spec.ts" time="50.901">
</testcase>
<testcase name="Crypto Results Visual Regression Tests › Results page with filtered jurisdiction should render correctly" classname="Tests\crypto.results.spec.ts" time="43.12">
<failure message="crypto.results.spec.ts:67:7 Results page with filtered jurisdiction should render correctly" type="FAILURE">
<![CDATA[  [chromium] › Tests\crypto.results.spec.ts:67:7 › Crypto Results Visual Regression Tests › Results page with filtered jurisdiction should render correctly 

    TimeoutError: locator.waitFor: Timeout 20000ms exceeded.
    Call log:
      - waiting for locator('span.app-header__title:has-text("Product Platform")') to be visible


       at Pages\login.page.ts:50

      48 |     async isLoginSuccessful() {
      49 |         const platformTitle = this.page.locator(SELECTORS.platformTitle);
    > 50 |         await platformTitle.waitFor({ state: 'visible', timeout: 20000 });
         |                             ^
      51 |         return await platformTitle.isVisible();
      52 |     }
      53 |

        at LoginPage.isLoginSuccessful (C:\Users\evghenia.valicova\git\PPUpgrade\PPUpgradeTests\Pages\login.page.ts:50:29)
        at C:\Users\evghenia.valicova\git\PPUpgrade\PPUpgradeTests\Tests\crypto.results.spec.ts:74:34

    attachment #1: screenshot (image/png) ──────────────────────────────────────────────────────────
    test-results\Tests-crypto.results-Crypto-Results-Visual-Reg-76a7a-h-filtered-jurisdiction-should-render-correctly-chromium\test-failed-1.png
    ────────────────────────────────────────────────────────────────────────────────────────────────

    attachment #2: video (video/webm) ──────────────────────────────────────────────────────────────
    test-results\Tests-crypto.results-Crypto-Results-Visual-Reg-76a7a-h-filtered-jurisdiction-should-render-correctly-chromium\video.webm
    ────────────────────────────────────────────────────────────────────────────────────────────────

    attachment #3: trace (application/zip) ─────────────────────────────────────────────────────────
    test-results\Tests-crypto.results-Crypto-Results-Visual-Reg-76a7a-h-filtered-jurisdiction-should-render-correctly-chromium\trace.zip
    Usage:

        npx playwright show-trace test-results\Tests-crypto.results-Crypto-Results-Visual-Reg-76a7a-h-filtered-jurisdiction-should-render-correctly-chromium\trace.zip

    ────────────────────────────────────────────────────────────────────────────────────────────────
]]>
</failure>
<system-out>
<![CDATA[
[[ATTACHMENT|Tests-crypto.results-Crypto-Results-Visual-Reg-76a7a-h-filtered-jurisdiction-should-render-correctly-chromium\test-failed-1.png]]

[[ATTACHMENT|Tests-crypto.results-Crypto-Results-Visual-Reg-76a7a-h-filtered-jurisdiction-should-render-correctly-chromium\video.webm]]

[[ATTACHMENT|Tests-crypto.results-Crypto-Results-Visual-Reg-76a7a-h-filtered-jurisdiction-should-render-correctly-chromium\trace.zip]]
]]>
</system-out>
</testcase>
<testcase name="Crypto Results Visual Regression Tests › Results page with expanded items should render correctly" classname="Tests\crypto.results.spec.ts" time="60.004">
<failure message="crypto.results.spec.ts:106:7 Results page with expanded items should render correctly" type="FAILURE">
<![CDATA[  [chromium] › Tests\crypto.results.spec.ts:106:7 › Crypto Results Visual Regression Tests › Results page with expanded items should render correctly 

    Test timeout of 60000ms exceeded.

    Error: page.waitForLoadState: Test timeout of 60000ms exceeded.

       at Pages\crypto.results.ts:60

      58 |         const searchButton = this.page.locator(SELECTORS.searchButton);
      59 |         await Promise.all([
    > 60 |             this.page.waitForLoadState('networkidle'),
         |                       ^
      61 |             searchButton.click(),
      62 |         ]);
      63 |

        at CryptoResults.searchByJurisdiction (C:\Users\evghenia.valicova\git\PPUpgrade\PPUpgradeTests\Pages\crypto.results.ts:60:23)
        at C:\Users\evghenia.valicova\git\PPUpgrade\PPUpgradeTests\Tests\crypto.results.spec.ts:118:5

    attachment #1: screenshot (image/png) ──────────────────────────────────────────────────────────
    test-results\Tests-crypto.results-Crypto-Results-Visual-Reg-14a8a-age-with-expanded-items-should-render-correctly-chromium\test-failed-1.png
    ────────────────────────────────────────────────────────────────────────────────────────────────

    attachment #2: video (video/webm) ──────────────────────────────────────────────────────────────
    test-results\Tests-crypto.results-Crypto-Results-Visual-Reg-14a8a-age-with-expanded-items-should-render-correctly-chromium\video.webm
    ────────────────────────────────────────────────────────────────────────────────────────────────

    attachment #3: trace (application/zip) ─────────────────────────────────────────────────────────
    test-results\Tests-crypto.results-Crypto-Results-Visual-Reg-14a8a-age-with-expanded-items-should-render-correctly-chromium\trace.zip
    Usage:

        npx playwright show-trace test-results\Tests-crypto.results-Crypto-Results-Visual-Reg-14a8a-age-with-expanded-items-should-render-correctly-chromium\trace.zip

    ────────────────────────────────────────────────────────────────────────────────────────────────
]]>
</failure>
<system-out>
<![CDATA[
[[ATTACHMENT|Tests-crypto.results-Crypto-Results-Visual-Reg-14a8a-age-with-expanded-items-should-render-correctly-chromium\test-failed-1.png]]

[[ATTACHMENT|Tests-crypto.results-Crypto-Results-Visual-Reg-14a8a-age-with-expanded-items-should-render-correctly-chromium\video.webm]]

[[ATTACHMENT|Tests-crypto.results-Crypto-Results-Visual-Reg-14a8a-age-with-expanded-items-should-render-correctly-chromium\trace.zip]]
]]>
</system-out>
</testcase>
<testcase name="Crypto Results Visual Regression Tests › Definitions tab should render correctly" classname="Tests\crypto.results.spec.ts" time="60.01">
<failure message="crypto.results.spec.ts:145:7 Definitions tab should render correctly" type="FAILURE">
<![CDATA[  [chromium] › Tests\crypto.results.spec.ts:145:7 › Crypto Results Visual Regression Tests › Definitions tab should render correctly 

    Test timeout of 60000ms exceeded.

    Error: locator.waitFor: Test timeout of 60000ms exceeded.
    Call log:
      - waiting for locator('span.s-tab__title:has-text("Definitions")') to be visible


       at Pages\crypto.definitions.ts:14

      12 |     public async openDefinitionsTab() {
      13 |         const definitionsTab = this.page.locator(SELECTORS.cryptoDefinitionsTab);
    > 14 |         await definitionsTab.waitFor({ state: 'visible' });
         |                              ^
      15 |         await definitionsTab.click();
      16 |
      17 |         // Wait for the table to load

        at CryptoDefinitions.openDefinitionsTab (C:\Users\evghenia.valicova\git\PPUpgrade\PPUpgradeTests\Pages\crypto.definitions.ts:14:30)
        at C:\Users\evghenia.valicova\git\PPUpgrade\PPUpgradeTests\Tests\crypto.results.spec.ts:158:29

    attachment #1: screenshot (image/png) ──────────────────────────────────────────────────────────
    test-results\Tests-crypto.results-Crypto-Results-Visual-Regression-Tests-Definitions-tab-should-render-correctly-chromium\test-failed-1.png
    ────────────────────────────────────────────────────────────────────────────────────────────────

    attachment #2: video (video/webm) ──────────────────────────────────────────────────────────────
    test-results\Tests-crypto.results-Crypto-Results-Visual-Regression-Tests-Definitions-tab-should-render-correctly-chromium\video.webm
    ────────────────────────────────────────────────────────────────────────────────────────────────

    attachment #3: trace (application/zip) ─────────────────────────────────────────────────────────
    test-results\Tests-crypto.results-Crypto-Results-Visual-Regression-Tests-Definitions-tab-should-render-correctly-chromium\trace.zip
    Usage:

        npx playwright show-trace test-results\Tests-crypto.results-Crypto-Results-Visual-Regression-Tests-Definitions-tab-should-render-correctly-chromium\trace.zip

    ────────────────────────────────────────────────────────────────────────────────────────────────
]]>
</failure>
<system-out>
<![CDATA[
[[ATTACHMENT|Tests-crypto.results-Crypto-Results-Visual-Regression-Tests-Definitions-tab-should-render-correctly-chromium\test-failed-1.png]]

[[ATTACHMENT|Tests-crypto.results-Crypto-Results-Visual-Regression-Tests-Definitions-tab-should-render-correctly-chromium\video.webm]]

[[ATTACHMENT|Tests-crypto.results-Crypto-Results-Visual-Regression-Tests-Definitions-tab-should-render-correctly-chromium\trace.zip]]
]]>
</system-out>
</testcase>
</testsuite>
<testsuite name="Tests\cryptoStatus.spec.ts" timestamp="2025-11-13T14:43:16.260Z" hostname="chromium" tests="2" failures="1" skipped="0" time="109.917" errors="0">
<testcase name="User can open Status tab from Crypto results and see Jurisdiction, Date, and Changes columns" classname="Tests\cryptoStatus.spec.ts" time="50.84">
</testcase>
<testcase name="Search with 2 jurisdictions shows Status view message and redirects to Status page" classname="Tests\cryptoStatus.spec.ts" time="59.077">
<failure message="cryptoStatus.spec.ts:28:5 Search with 2 jurisdictions shows Status view message and redirects to Status page" type="FAILURE">
<![CDATA[  [chromium] › Tests\cryptoStatus.spec.ts:28:5 › Search with 2 jurisdictions shows Status view message and redirects to Status page 

    TimeoutError: locator.waitFor: Timeout 15000ms exceeded.
    Call log:
      - waiting for locator('span.s-tab__title:has-text("Status")') to be visible


       at Pages\CryptoStatus.ts:46

      44 |     // Verify we're on the Status page/tab
      45 |     const statusTab = this.page.locator(SELECTORS.cryptoStatusTab);
    > 46 |     await statusTab.waitFor({ state: 'visible', timeout: 15000 });
         |                     ^
      47 |     await expect(statusTab).toBeVisible();
      48 |     
      49 |     // Verify status table is visible

        at CryptoStatus.verifyStatusTabIsVisible (C:\Users\evghenia.valicova\git\PPUpgrade\PPUpgradeTests\Pages\CryptoStatus.ts:46:21)
        at C:\Users\evghenia.valicova\git\PPUpgrade\PPUpgradeTests\Tests\cryptoStatus.spec.ts:51:3

    attachment #1: screenshot (image/png) ──────────────────────────────────────────────────────────
    test-results\Tests-cryptoStatus-Search-with-2-jurisdictions-7a58f-tatus-view-message-and-redirects-to-Status-page-chromium\test-failed-1.png
    ────────────────────────────────────────────────────────────────────────────────────────────────

    attachment #2: video (video/webm) ──────────────────────────────────────────────────────────────
    test-results\Tests-cryptoStatus-Search-with-2-jurisdictions-7a58f-tatus-view-message-and-redirects-to-Status-page-chromium\video.webm
    ────────────────────────────────────────────────────────────────────────────────────────────────

    attachment #3: trace (application/zip) ─────────────────────────────────────────────────────────
    test-results\Tests-cryptoStatus-Search-with-2-jurisdictions-7a58f-tatus-view-message-and-redirects-to-Status-page-chromium\trace.zip
    Usage:

        npx playwright show-trace test-results\Tests-cryptoStatus-Search-with-2-jurisdictions-7a58f-tatus-view-message-and-redirects-to-Status-page-chromium\trace.zip

    ────────────────────────────────────────────────────────────────────────────────────────────────
]]>
</failure>
<system-out>
<![CDATA[
[[ATTACHMENT|Tests-cryptoStatus-Search-with-2-jurisdictions-7a58f-tatus-view-message-and-redirects-to-Status-page-chromium\test-failed-1.png]]

[[ATTACHMENT|Tests-cryptoStatus-Search-with-2-jurisdictions-7a58f-tatus-view-message-and-redirects-to-Status-page-chromium\video.webm]]

[[ATTACHMENT|Tests-cryptoStatus-Search-with-2-jurisdictions-7a58f-tatus-view-message-and-redirects-to-Status-page-chromium\trace.zip]]
]]>
</system-out>
</testcase>
</testsuite>
</testsuites>