<testsuites id="" name="" tests="3" failures="0" skipped="0" errors="0" time="95.27196400000001">
<testsuite name="Tests\navigator.expand-collapse.spec.ts" timestamp="2026-03-31T08:08:53.526Z" hostname="Google Chrome" tests="3" failures="0" skipped="0" time="93.788" errors="0">
<testcase name="Navigator Expand/Collapse Tests › should expand all content and verify button changes to Collapse All" classname="Tests\navigator.expand-collapse.spec.ts" time="28.822">
<system-out>
<![CDATA[
=== Test: Expand All Functionality ===

Step 1: Selecting jurisdiction...
Step 2: Selecting service...
Step 3: Clicking Search button...
Step 4: Waiting for results...
Step 5: Clicking Expand All button...
✓ Clicked Expand All button
Step 6: Verifying button changed to "Collapse All"...
✓ Button changed to "Collapse All"
Step 7: Verifying content is expanded...
✓ Found 73 toggle elements (expanded state)

✅ Test passed: Expand All functionality works correctly

]]>
</system-out>
</testcase>
<testcase name="Navigator Expand/Collapse Tests › should collapse all content after expanding and verify button changes to Expand All" classname="Tests\navigator.expand-collapse.spec.ts" time="30.518">
<system-out>
<![CDATA[
=== Test: Expand/Collapse Full Cycle ===

Setup: Creating search...
Expanding all content...
✓ Clicked Expand All button
✓ Button changed to "Collapse All"
Step 1: Clicking Collapse All button...
✓ Clicked Collapse All button
Step 2: Verifying button changed back to "Expand All"...
✓ Button changed to "Expand All"
Step 3: Verifying content is collapsed...
✓ Found 69 toggle elements (collapsed state)

✅ Test passed: Collapse All functionality works correctly

]]>
</system-out>
</testcase>
<testcase name="Navigator Expand/Collapse Tests › should expand and collapse multiple times consistently" classname="Tests\navigator.expand-collapse.spec.ts" time="34.448">
<system-out>
<![CDATA[
=== Test: Multiple Expand/Collapse Cycles ===

Setup: Creating search...
Cycle 1: Expanding...
✓ Clicked Expand All button
✓ Button changed to "Collapse All"
Cycle 1: Collapsing...
✓ Clicked Collapse All button
✓ Button changed to "Expand All"
Cycle 2: Expanding again...
✓ Clicked Expand All button
✓ Button changed to "Collapse All"
Cycle 2: Collapsing again...
✓ Clicked Collapse All button
✓ Button changed to "Expand All"

✅ Test passed: Multiple expand/collapse cycles work consistently

]]>
</system-out>
</testcase>
</testsuite>
</testsuites>