============================= test session starts =============================
platform win32 -- Python 3.12.3, pytest-9.0.1, pluggy-1.6.0 -- C:\Program Files\Python312\python.exe
cachedir: .pytest_cache
rootdir: C:\Users\evghenia.valicova\git\PPUpgrade
collecting ... collected 20 items

no_ci_cd/Part_B_Framework_Migration/petstore_pytest_tests.py::TestPetStoreGetOperations::test_get_pets_by_status_available PASSED [  5%]
no_ci_cd/Part_B_Framework_Migration/petstore_pytest_tests.py::TestPetStoreCreateOperations::test_create_pet_successful PASSED [ 10%]
no_ci_cd/Part_B_Framework_Migration/petstore_pytest_tests.py::TestPetStoreCreateOperations::test_create_multiple_pets_data_driven PASSED [ 15%]
no_ci_cd/Part_B_Framework_Migration/petstore_pytest_tests.py::TestPetStoreUpdateOperations::test_update_pet_successful PASSED [ 20%]
no_ci_cd/Part_B_Framework_Migration/petstore_pytest_tests.py::TestPetStoreDeleteOperations::test_delete_pet_successful FAILED [ 25%]
no_ci_cd/Part_B_Framework_Migration/petstore_pytest_tests.py::TestNegativeCases::test_get_nonexistent_pet_404 PASSED [ 30%]
no_ci_cd/Part_B_Framework_Migration/petstore_pytest_tests.py::TestNegativeCases::test_create_pet_missing_required_fields PASSED [ 35%]
no_ci_cd/Part_B_Framework_Migration/petstore_pytest_tests.py::TestNegativeCases::test_get_pets_invalid_status PASSED [ 40%]
no_ci_cd/Part_B_Framework_Migration/petstore_pytest_tests.py::TestNegativeCases::test_update_nonexistent_pet PASSED [ 45%]
no_ci_cd/Part_B_Framework_Migration/petstore_pytest_tests.py::TestBoundaryValues::test_create_pet_boundary_ids[1-minimum_id] PASSED [ 50%]
no_ci_cd/Part_B_Framework_Migration/petstore_pytest_tests.py::TestBoundaryValues::test_create_pet_boundary_ids[9223372036854775807-maximum_64bit_int] PASSED [ 55%]
no_ci_cd/Part_B_Framework_Migration/petstore_pytest_tests.py::TestBoundaryValues::test_create_pet_boundary_ids[0-zero_id] PASSED [ 60%]
no_ci_cd/Part_B_Framework_Migration/petstore_pytest_tests.py::TestBoundaryValues::test_get_pets_all_valid_statuses[available] PASSED [ 65%]
no_ci_cd/Part_B_Framework_Migration/petstore_pytest_tests.py::TestBoundaryValues::test_get_pets_all_valid_statuses[pending] PASSED [ 70%]
no_ci_cd/Part_B_Framework_Migration/petstore_pytest_tests.py::TestBoundaryValues::test_get_pets_all_valid_statuses[sold] PASSED [ 75%]
no_ci_cd/Part_B_Framework_Migration/petstore_pytest_tests.py::TestBoundaryValues::test_create_pet_empty_name PASSED [ 80%]
no_ci_cd/Part_B_Framework_Migration/petstore_pytest_tests.py::TestIntegrationScenarios::test_complete_pet_lifecycle FAILED [ 85%]
no_ci_cd/Part_B_Framework_Migration/petstore_pytest_tests.py::TestIntegrationScenarios::test_concurrent_pet_operations PASSED [ 90%]
no_ci_cd/Part_B_Framework_Migration/petstore_pytest_tests.py::TestPerformance::test_get_pets_response_time PASSED [ 95%]
no_ci_cd/Part_B_Framework_Migration/petstore_pytest_tests.py::TestPerformance::test_create_pet_response_time PASSED [100%]

================================== FAILURES ===================================
E   assert 404 == 200
     +  where 404 = <Response [404]>.status_code
C:\Users\evghenia.valicova\git\PPUpgrade\no_ci_cd\Part_B_Framework_Migration\petstore_pytest_tests.py:184: assert 404 == 200
E   assert 404 == 200
     +  where 404 = <Response [404]>.status_code
C:\Users\evghenia.valicova\git\PPUpgrade\no_ci_cd\Part_B_Framework_Migration\petstore_pytest_tests.py:317: assert 404 == 200
=========================== short test summary info ===========================
FAILED no_ci_cd/Part_B_Framework_Migration/petstore_pytest_tests.py::TestPetStoreDeleteOperations::test_delete_pet_successful
FAILED no_ci_cd/Part_B_Framework_Migration/petstore_pytest_tests.py::TestIntegrationScenarios::test_complete_pet_lifecycle
======================== 2 failed, 18 passed in 18.94s ========================
